0: {'X': 0, 'Y': 0, 'data': array([[160, 156, 162],
       [200, 201, 198],
       [200, 204, 194]], dtype=uint8), 'block_avg': 186, 'block_min': 156}
1: {'X': 0, 'Y': 3, 'data': array([[160, 164, 168],
       [200, 201, 202],
       [197, 202, 200]], dtype=uint8), 'block_avg': 188, 'block_min': 160}
2: {'X': 0, 'Y': 6, 'data': array([[167, 172, 169],
       [203, 204, 202],
       [197, 199, 198]], dtype=uint8), 'block_avg': 190, 'block_min': 167}
3: {'X': 0, 'Y': 9, 'data': array([[172, 174, 177],
       [199, 199, 201],
       [199, 199, 202]], dtype=uint8), 'block_avg': 191, 'block_min': 172}
4: {'X': 0, 'Y': 12, 'data': array([[177, 176, 170],
       [201, 196, 201],
       [200, 203, 205]], dtype=uint8), 'block_avg': 192, 'block_min': 170}
5: {'X': 0, 'Y': 15, 'data': array([[171, 166, 170],
       [198, 196, 198],
       [202, 198, 198]], dtype=uint8), 'block_avg': 188, 'block_min': 166}
6: {'X': 0, 'Y': 18, 'data': array([[174, 175, 177],
       [203, 200, 201],
       [201, 199, 204]], dtype=uint8), 'block_avg': 192, 'block_min': 174}
7: {'X': 0, 'Y': 21, 'data': array([[172, 170, 170],
       [203, 197, 199],
       [204, 200, 194]], dtype=uint8), 'block_avg': 189, 'block_min': 170}
8: {'X': 0, 'Y': 24, 'data': array([[171, 170, 170],
       [193, 196, 192],
       [197, 196, 196]], dtype=uint8), 'block_avg': 186, 'block_min': 170}
9: {'X': 0, 'Y': 27, 'data': array([[173, 175, 168],
       [191, 194, 191],
       [192, 192, 195]], dtype=uint8), 'block_avg': 185, 'block_min': 168}
10: {'X': 0, 'Y': 30, 'data': array([[164, 164, 166],
       [193, 192, 197],
       [198, 195, 193]], dtype=uint8), 'block_avg': 184, 'block_min': 164}
11: {'X': 0, 'Y': 33, 'data': array([[168, 166, 162],
       [194, 195, 195],
       [196, 196, 193]], dtype=uint8), 'block_avg': 185, 'block_min': 162}
12: {'X': 0, 'Y': 36, 'data': array([[164, 166, 166],
       [190, 192, 191],
       [193, 195, 196]], dtype=uint8), 'block_avg': 183, 'block_min': 164}
13: {'X': 0, 'Y': 39, 'data': array([[164, 166, 161],
       [189, 189, 194],
       [191, 189, 191]], dtype=uint8), 'block_avg': 181, 'block_min': 161}
14: {'X': 0, 'Y': 42, 'data': array([[166, 167, 163],
       [194, 196, 196],
       [194, 193, 191]], dtype=uint8), 'block_avg': 184, 'block_min': 163}
15: {'X': 0, 'Y': 45, 'data': array([[162, 159, 156],
       [198, 193, 189],
       [195, 195, 190]], dtype=uint8), 'block_avg': 181, 'block_min': 156}
16: {'X': 0, 'Y': 48, 'data': array([[159, 166, 167],
       [190, 191, 198],
       [193, 192, 194]], dtype=uint8), 'block_avg': 183, 'block_min': 159}
17: {'X': 0, 'Y': 51, 'data': array([[164, 169, 167],
       [192, 197, 200],
       [195, 196, 194]], dtype=uint8), 'block_avg': 186, 'block_min': 164}
18: {'X': 0, 'Y': 54, 'data': array([[169, 173, 173],
       [196, 193, 189],
       [191, 193, 189]], dtype=uint8), 'block_avg': 185, 'block_min': 169}
19: {'X': 0, 'Y': 57, 'data': array([[168, 170, 166],
       [189, 195, 195],
       [190, 194, 196]], dtype=uint8), 'block_avg': 184, 'block_min': 166}
20: {'X': 0, 'Y': 60, 'data': array([[173, 174, 173],
       [192, 197, 197],
       [195, 198, 192]], dtype=uint8), 'block_avg': 187, 'block_min': 173}
21: {'X': 3, 'Y': 0, 'data': array([[193, 196, 193],
       [191, 192, 191],
       [191, 195, 196]], dtype=uint8), 'block_avg': 193, 'block_min': 191}
22: {'X': 3, 'Y': 3, 'data': array([[195, 201, 199],
       [196, 201, 198],
       [199, 198, 192]], dtype=uint8), 'block_avg': 197, 'block_min': 192}
23: {'X': 3, 'Y': 6, 'data': array([[197, 194, 198],
       [197, 195, 198],
       [196, 192, 195]], dtype=uint8), 'block_avg': 195, 'block_min': 192}
24: {'X': 3, 'Y': 9, 'data': array([[196, 199, 201],
       [196, 199, 199],
       [197, 199, 197]], dtype=uint8), 'block_avg': 198, 'block_min': 196}
25: {'X': 3, 'Y': 12, 'data': array([[198, 201, 203],
       [200, 199, 200],
       [198, 199, 199]], dtype=uint8), 'block_avg': 199, 'block_min': 198}
26: {'X': 3, 'Y': 15, 'data': array([[201, 198, 197],
       [194, 196, 199],
       [194, 198, 199]], dtype=uint8), 'block_avg': 197, 'block_min': 194}
27: {'X': 3, 'Y': 18, 'data': array([[203, 200, 199],
       [202, 201, 196],
       [195, 197, 190]], dtype=uint8), 'block_avg': 198, 'block_min': 190}
28: {'X': 3, 'Y': 21, 'data': array([[201, 201, 197],
       [202, 204, 198],
       [195, 202, 198]], dtype=uint8), 'block_avg': 199, 'block_min': 195}
29: {'X': 3, 'Y': 24, 'data': array([[192, 193, 196],
       [193, 195, 198],
       [196, 193, 191]], dtype=uint8), 'block_avg': 194, 'block_min': 191}
30: {'X': 3, 'Y': 27, 'data': array([[192, 192, 193],
       [191, 194, 191],
       [192, 197, 194]], dtype=uint8), 'block_avg': 192, 'block_min': 191}
31: {'X': 3, 'Y': 30, 'data': array([[199, 203, 197],
       [196, 198, 197],
       [197, 196, 194]], dtype=uint8), 'block_avg': 197, 'block_min': 194}
32: {'X': 3, 'Y': 33, 'data': array([[195, 198, 199],
       [195, 198, 197],
       [194, 197, 201]], dtype=uint8), 'block_avg': 197, 'block_min': 194}
33: {'X': 3, 'Y': 36, 'data': array([[194, 194, 197],
       [194, 200, 197],
       [194, 198, 193]], dtype=uint8), 'block_avg': 195, 'block_min': 193}
34: {'X': 3, 'Y': 39, 'data': array([[193, 194, 193],
       [200, 200, 198],
       [196, 201, 200]], dtype=uint8), 'block_avg': 197, 'block_min': 193}
35: {'X': 3, 'Y': 42, 'data': array([[193, 193, 188],
       [198, 196, 191],
       [198, 198, 198]], dtype=uint8), 'block_avg': 194, 'block_min': 188}
36: {'X': 3, 'Y': 45, 'data': array([[188, 193, 196],
       [186, 190, 189],
       [193, 192, 189]], dtype=uint8), 'block_avg': 190, 'block_min': 186}
37: {'X': 3, 'Y': 48, 'data': array([[190, 192, 191],
       [193, 191, 193],
       [193, 193, 193]], dtype=uint8), 'block_avg': 192, 'block_min': 190}
38: {'X': 3, 'Y': 51, 'data': array([[196, 191, 190],
       [200, 197, 191],
       [199, 196, 191]], dtype=uint8), 'block_avg': 194, 'block_min': 190}
39: {'X': 3, 'Y': 54, 'data': array([[193, 196, 196],
       [194, 194, 195],
       [193, 197, 198]], dtype=uint8), 'block_avg': 195, 'block_min': 193}
40: {'X': 3, 'Y': 57, 'data': array([[196, 193, 195],
       [195, 192, 195],
       [196, 195, 199]], dtype=uint8), 'block_avg': 195, 'block_min': 192}
41: {'X': 3, 'Y': 60, 'data': array([[196, 194, 192],
       [200, 201, 201],
       [201, 202, 206]], dtype=uint8), 'block_avg': 199, 'block_min': 192}
42: {'X': 6, 'Y': 0, 'data': array([[195, 196, 194],
       [193, 195, 196],
       [198, 199, 201]], dtype=uint8), 'block_avg': 196, 'block_min': 193}
43: {'X': 6, 'Y': 3, 'data': array([[200, 193, 190],
       [199, 198, 190],
       [200, 198, 194]], dtype=uint8), 'block_avg': 195, 'block_min': 190}
44: {'X': 6, 'Y': 6, 'data': array([[193, 193, 201],
       [194, 192, 199],
       [196, 193, 196]], dtype=uint8), 'block_avg': 195, 'block_min': 192}
45: {'X': 6, 'Y': 9, 'data': array([[195, 199, 196],
       [193, 198, 199],
       [190, 203, 198]], dtype=uint8), 'block_avg': 196, 'block_min': 190}
46: {'X': 6, 'Y': 12, 'data': array([[194, 194, 195],
       [197, 197, 196],
       [200, 194, 194]], dtype=uint8), 'block_avg': 195, 'block_min': 194}
47: {'X': 6, 'Y': 15, 'data': array([[199, 197, 194],
       [196, 196, 193],
       [196, 197, 199]], dtype=uint8), 'block_avg': 196, 'block_min': 193}
48: {'X': 6, 'Y': 18, 'data': array([[191, 192, 189],
       [193, 192, 195],
       [197, 198, 197]], dtype=uint8), 'block_avg': 193, 'block_min': 189}
49: {'X': 6, 'Y': 21, 'data': array([[193, 200, 197],
       [193, 195, 197],
       [198, 196, 199]], dtype=uint8), 'block_avg': 196, 'block_min': 193}
50: {'X': 6, 'Y': 24, 'data': array([[196, 197, 191],
       [193, 192, 191],
       [199, 193, 192]], dtype=uint8), 'block_avg': 193, 'block_min': 191}
51: {'X': 6, 'Y': 27, 'data': array([[190, 192, 196],
       [191, 191, 189],
       [191, 192, 190]], dtype=uint8), 'block_avg': 191, 'block_min': 189}
52: {'X': 6, 'Y': 30, 'data': array([[189, 194, 196],
       [188, 194, 197],
       [193, 200, 196]], dtype=uint8), 'block_avg': 194, 'block_min': 188}
53: {'X': 6, 'Y': 33, 'data': array([[195, 193, 195],
       [200, 192, 200],
       [196, 193, 204]], dtype=uint8), 'block_avg': 196, 'block_min': 192}
54: {'X': 6, 'Y': 36, 'data': array([[199, 200, 201],
       [205, 204, 202],
       [203, 194, 200]], dtype=uint8), 'block_avg': 200, 'block_min': 194}
55: {'X': 6, 'Y': 39, 'data': array([[197, 202, 200],
       [196, 198, 198],
       [198, 199, 202]], dtype=uint8), 'block_avg': 198, 'block_min': 196}
56: {'X': 6, 'Y': 42, 'data': array([[200, 201, 198],
       [201, 196, 190],
       [198, 194, 192]], dtype=uint8), 'block_avg': 196, 'block_min': 190}
57: {'X': 6, 'Y': 45, 'data': array([[196, 194, 189],
       [195, 199, 199],
       [198, 200, 204]], dtype=uint8), 'block_avg': 197, 'block_min': 189}
58: {'X': 6, 'Y': 48, 'data': array([[198, 194, 188],
       [199, 193, 194],
       [198, 194, 201]], dtype=uint8), 'block_avg': 195, 'block_min': 188}
59: {'X': 6, 'Y': 51, 'data': array([[193, 196, 194],
       [197, 192, 191],
       [198, 193, 192]], dtype=uint8), 'block_avg': 194, 'block_min': 191}
60: {'X': 6, 'Y': 54, 'data': array([[191, 195, 194],
       [191, 194, 194],
       [196, 191, 199]], dtype=uint8), 'block_avg': 193, 'block_min': 191}
61: {'X': 6, 'Y': 57, 'data': array([[195, 200, 200],
       [197, 197, 199],
       [195, 194, 196]], dtype=uint8), 'block_avg': 197, 'block_min': 194}
62: {'X': 6, 'Y': 60, 'data': array([[202, 201, 203],
       [200, 205, 206],
       [204, 204, 204]], dtype=uint8), 'block_avg': 203, 'block_min': 200}
63: {'X': 9, 'Y': 0, 'data': array([[198, 199, 199],
       [193, 200, 201],
       [191, 192, 192]], dtype=uint8), 'block_avg': 196, 'block_min': 191}
64: {'X': 9, 'Y': 3, 'data': array([[199, 199, 198],
       [201, 199, 201],
       [192, 198, 199]], dtype=uint8), 'block_avg': 198, 'block_min': 192}
65: {'X': 9, 'Y': 6, 'data': array([[199, 194, 197],
       [202, 198, 200],
       [199, 196, 201]], dtype=uint8), 'block_avg': 198, 'block_min': 194}
66: {'X': 9, 'Y': 9, 'data': array([[193, 199, 197],
       [196, 195, 194],
       [197, 195, 196]], dtype=uint8), 'block_avg': 195, 'block_min': 193}
67: {'X': 9, 'Y': 12, 'data': array([[200, 195, 194],
       [196, 198, 197],
       [201, 198, 199]], dtype=uint8), 'block_avg': 197, 'block_min': 194}
68: {'X': 9, 'Y': 15, 'data': array([[199, 194, 195],
       [196, 197, 200],
       [200, 197, 199]], dtype=uint8), 'block_avg': 197, 'block_min': 194}
69: {'X': 9, 'Y': 18, 'data': array([[194, 196, 197],
       [201, 202, 199],
       [195, 199, 201]], dtype=uint8), 'block_avg': 198, 'block_min': 194}
70: {'X': 9, 'Y': 21, 'data': array([[196, 199, 200],
       [196, 199, 201],
       [200, 196, 196]], dtype=uint8), 'block_avg': 198, 'block_min': 196}
71: {'X': 9, 'Y': 24, 'data': array([[197, 192, 192],
       [199, 196, 194],
       [196, 197, 196]], dtype=uint8), 'block_avg': 195, 'block_min': 192}
72: {'X': 9, 'Y': 27, 'data': array([[192, 191, 195],
       [195, 193, 198],
       [199, 199, 201]], dtype=uint8), 'block_avg': 195, 'block_min': 191}
73: {'X': 9, 'Y': 30, 'data': array([[196, 198, 196],
       [197, 200, 198],
       [203, 201, 200]], dtype=uint8), 'block_avg': 198, 'block_min': 196}
74: {'X': 9, 'Y': 33, 'data': array([[196, 199, 201],
       [197, 198, 199],
       [196, 196, 197]], dtype=uint8), 'block_avg': 197, 'block_min': 196}
75: {'X': 9, 'Y': 36, 'data': array([[199, 198, 196],
       [200, 202, 201],
       [199, 196, 195]], dtype=uint8), 'block_avg': 198, 'block_min': 195}
76: {'X': 9, 'Y': 39, 'data': array([[198, 200, 200],
       [198, 200, 197],
       [199, 198, 196]], dtype=uint8), 'block_avg': 198, 'block_min': 196}
77: {'X': 9, 'Y': 42, 'data': array([[197, 197, 199],
       [199, 197, 202],
       [199, 198, 203]], dtype=uint8), 'block_avg': 199, 'block_min': 197}
78: {'X': 9, 'Y': 45, 'data': array([[199, 203, 204],
       [203, 205, 204],
       [206, 204, 205]], dtype=uint8), 'block_avg': 203, 'block_min': 199}
79: {'X': 9, 'Y': 48, 'data': array([[199, 200, 200],
       [202, 201, 200],
       [195, 197, 197]], dtype=uint8), 'block_avg': 199, 'block_min': 195}
80: {'X': 9, 'Y': 51, 'data': array([[198, 197, 193],
       [198, 198, 201],
       [194, 198, 198]], dtype=uint8), 'block_avg': 197, 'block_min': 193}
81: {'X': 9, 'Y': 54, 'data': array([[197, 193, 197],
       [198, 193, 195],
       [194, 198, 196]], dtype=uint8), 'block_avg': 195, 'block_min': 193}
82: {'X': 9, 'Y': 57, 'data': array([[200, 199, 198],
       [200, 201, 200],
       [199, 197, 200]], dtype=uint8), 'block_avg': 199, 'block_min': 197}
83: {'X': 9, 'Y': 60, 'data': array([[205, 204, 203],
       [206, 203, 201],
       [203, 203, 200]], dtype=uint8), 'block_avg': 203, 'block_min': 200}
84: {'X': 12, 'Y': 0, 'data': array([[187, 187, 190],
       [177, 181, 183],
       [177, 184, 186]], dtype=uint8), 'block_avg': 183, 'block_min': 177}
85: {'X': 12, 'Y': 3, 'data': array([[192, 198, 196],
       [189, 197, 195],
       [189, 189, 191]], dtype=uint8), 'block_avg': 192, 'block_min': 189}
86: {'X': 12, 'Y': 6, 'data': array([[196, 195, 199],
       [196, 199, 200],
       [195, 193, 194]], dtype=uint8), 'block_avg': 196, 'block_min': 193}
87: {'X': 12, 'Y': 9, 'data': array([[201, 199, 201],
       [201, 194, 194],
       [194, 192, 197]], dtype=uint8), 'block_avg': 197, 'block_min': 192}
88: {'X': 12, 'Y': 12, 'data': array([[197, 197, 195],
       [194, 195, 194],
       [193, 192, 193]], dtype=uint8), 'block_avg': 194, 'block_min': 192}
89: {'X': 12, 'Y': 15, 'data': array([[201, 201, 197],
       [198, 197, 194],
       [196, 194, 195]], dtype=uint8), 'block_avg': 197, 'block_min': 194}
90: {'X': 12, 'Y': 18, 'data': array([[196, 197, 196],
       [199, 196, 195],
       [193, 193, 191]], dtype=uint8), 'block_avg': 195, 'block_min': 191}
91: {'X': 12, 'Y': 21, 'data': array([[199, 195, 196],
       [198, 196, 197],
       [196, 197, 199]], dtype=uint8), 'block_avg': 197, 'block_min': 195}
92: {'X': 12, 'Y': 24, 'data': array([[197, 197, 196],
       [198, 196, 195],
       [196, 197, 193]], dtype=uint8), 'block_avg': 196, 'block_min': 193}
93: {'X': 12, 'Y': 27, 'data': array([[199, 199, 198],
       [196, 201, 193],
       [193, 197, 190]], dtype=uint8), 'block_avg': 196, 'block_min': 190}
94: {'X': 12, 'Y': 30, 'data': array([[199, 200, 200],
       [197, 199, 199],
       [196, 196, 195]], dtype=uint8), 'block_avg': 197, 'block_min': 195}
95: {'X': 12, 'Y': 33, 'data': array([[197, 200, 199],
       [198, 197, 196],
       [195, 195, 190]], dtype=uint8), 'block_avg': 196, 'block_min': 190}
96: {'X': 12, 'Y': 36, 'data': array([[196, 199, 197],
       [200, 202, 198],
       [195, 196, 192]], dtype=uint8), 'block_avg': 197, 'block_min': 192}
97: {'X': 12, 'Y': 39, 'data': array([[198, 201, 198],
       [198, 201, 200],
       [198, 205, 202]], dtype=uint8), 'block_avg': 200, 'block_min': 198}
98: {'X': 12, 'Y': 42, 'data': array([[199, 202, 199],
       [199, 205, 200],
       [202, 202, 201]], dtype=uint8), 'block_avg': 201, 'block_min': 199}
99: {'X': 12, 'Y': 45, 'data': array([[206, 202, 204],
       [200, 204, 201],
       [195, 198, 198]], dtype=uint8), 'block_avg': 200, 'block_min': 195}
100: {'X': 12, 'Y': 48, 'data': array([[199, 200, 196],
       [199, 199, 199],
       [194, 198, 201]], dtype=uint8), 'block_avg': 198, 'block_min': 194}
101: {'X': 12, 'Y': 51, 'data': array([[197, 195, 195],
       [201, 199, 199],
       [197, 195, 200]], dtype=uint8), 'block_avg': 197, 'block_min': 195}
102: {'X': 12, 'Y': 54, 'data': array([[195, 200, 193],
       [198, 200, 200],
       [197, 203, 200]], dtype=uint8), 'block_avg': 198, 'block_min': 193}
103: {'X': 12, 'Y': 57, 'data': array([[198, 199, 199],
       [200, 198, 195],
       [200, 200, 198]], dtype=uint8), 'block_avg': 198, 'block_min': 195}
104: {'X': 12, 'Y': 60, 'data': array([[203, 203, 201],
       [200, 204, 201],
       [197, 199, 201]], dtype=uint8), 'block_avg': 201, 'block_min': 197}
105: {'X': 15, 'Y': 0, 'data': array([[183, 182, 186],
       [189, 189, 189],
       [188, 186, 186]], dtype=uint8), 'block_avg': 186, 'block_min': 182}
106: {'X': 15, 'Y': 3, 'data': array([[188, 188, 190],
       [186, 190, 190],
       [188, 191, 193]], dtype=uint8), 'block_avg': 189, 'block_min': 186}
107: {'X': 15, 'Y': 6, 'data': array([[188, 191, 188],
       [187, 187, 184],
       [191, 181, 174]], dtype=uint8), 'block_avg': 185, 'block_min': 174}
108: {'X': 15, 'Y': 9, 'data': array([[186, 186, 189],
       [179, 176, 182],
       [175, 177, 185]], dtype=uint8), 'block_avg': 181, 'block_min': 175}
109: {'X': 15, 'Y': 12, 'data': array([[190, 193, 192],
       [189, 187, 192],
       [189, 179, 188]], dtype=uint8), 'block_avg': 188, 'block_min': 179}
110: {'X': 15, 'Y': 15, 'data': array([[188, 188, 189],
       [183, 186, 189],
       [185, 188, 187]], dtype=uint8), 'block_avg': 187, 'block_min': 183}
111: {'X': 15, 'Y': 18, 'data': array([[190, 195, 190],
       [190, 196, 190],
       [185, 191, 194]], dtype=uint8), 'block_avg': 191, 'block_min': 185}
112: {'X': 15, 'Y': 21, 'data': array([[189, 191, 193],
       [196, 190, 191],
       [195, 190, 193]], dtype=uint8), 'block_avg': 192, 'block_min': 189}
113: {'X': 15, 'Y': 24, 'data': array([[191, 187, 189],
       [191, 188, 188],
       [188, 194, 193]], dtype=uint8), 'block_avg': 189, 'block_min': 187}
114: {'X': 15, 'Y': 27, 'data': array([[193, 193, 186],
       [193, 188, 188],
       [193, 185, 185]], dtype=uint8), 'block_avg': 189, 'block_min': 185}
115: {'X': 15, 'Y': 30, 'data': array([[186, 184, 187],
       [189, 181, 184],
       [186, 190, 183]], dtype=uint8), 'block_avg': 185, 'block_min': 181}
116: {'X': 15, 'Y': 33, 'data': array([[189, 191, 190],
       [180, 187, 188],
       [186, 181, 179]], dtype=uint8), 'block_avg': 185, 'block_min': 179}
117: {'X': 15, 'Y': 36, 'data': array([[194, 195, 195],
       [188, 194, 193],
       [177, 183, 186]], dtype=uint8), 'block_avg': 189, 'block_min': 177}
118: {'X': 15, 'Y': 39, 'data': array([[198, 200, 201],
       [197, 198, 191],
       [192, 194, 192]], dtype=uint8), 'block_avg': 195, 'block_min': 191}
119: {'X': 15, 'Y': 42, 'data': array([[197, 198, 202],
       [199, 197, 197],
       [194, 194, 190]], dtype=uint8), 'block_avg': 196, 'block_min': 190}
120: {'X': 15, 'Y': 45, 'data': array([[195, 197, 192],
       [194, 191, 193],
       [195, 189, 193]], dtype=uint8), 'block_avg': 193, 'block_min': 189}
121: {'X': 15, 'Y': 48, 'data': array([[189, 199, 202],
       [194, 197, 198],
       [194, 196, 198]], dtype=uint8), 'block_avg': 196, 'block_min': 189}
122: {'X': 15, 'Y': 51, 'data': array([[198, 199, 204],
       [196, 196, 200],
       [196, 198, 196]], dtype=uint8), 'block_avg': 198, 'block_min': 196}
123: {'X': 15, 'Y': 54, 'data': array([[200, 198, 200],
       [204, 200, 200],
       [202, 198, 197]], dtype=uint8), 'block_avg': 199, 'block_min': 197}
124: {'X': 15, 'Y': 57, 'data': array([[202, 199, 196],
       [200, 199, 196],
       [200, 199, 203]], dtype=uint8), 'block_avg': 199, 'block_min': 196}
125: {'X': 15, 'Y': 60, 'data': array([[197, 202, 204],
       [202, 202, 201],
       [204, 209, 202]], dtype=uint8), 'block_avg': 202, 'block_min': 197}
126: {'X': 18, 'Y': 0, 'data': array([[187, 189, 189],
       [194, 190, 187],
       [198, 197, 191]], dtype=uint8), 'block_avg': 191, 'block_min': 187}
127: {'X': 18, 'Y': 3, 'data': array([[189, 193, 189],
       [189, 188, 188],
       [194, 189, 189]], dtype=uint8), 'block_avg': 189, 'block_min': 188}
128: {'X': 18, 'Y': 6, 'data': array([[182, 176, 169],
       [179, 175, 172],
       [177, 172, 166]], dtype=uint8), 'block_avg': 174, 'block_min': 166}
129: {'X': 18, 'Y': 9, 'data': array([[172, 177, 179],
       [169, 162, 161],
       [167, 155, 133]], dtype=uint8), 'block_avg': 163, 'block_min': 133}
130: {'X': 18, 'Y': 12, 'data': array([[172, 174, 182],
       [149, 165, 168],
       [139, 151, 151]], dtype=uint8), 'block_avg': 161, 'block_min': 139}
131: {'X': 18, 'Y': 15, 'data': array([[183, 185, 185],
       [172, 172, 173],
       [160, 161, 161]], dtype=uint8), 'block_avg': 172, 'block_min': 160}
132: {'X': 18, 'Y': 18, 'data': array([[186, 185, 190],
       [172, 173, 176],
       [156, 161, 163]], dtype=uint8), 'block_avg': 173, 'block_min': 156}
133: {'X': 18, 'Y': 21, 'data': array([[186, 189, 192],
       [175, 183, 188],
       [163, 173, 189]], dtype=uint8), 'block_avg': 182, 'block_min': 163}
134: {'X': 18, 'Y': 24, 'data': array([[193, 189, 190],
       [196, 193, 195],
       [193, 193, 193]], dtype=uint8), 'block_avg': 192, 'block_min': 189}
135: {'X': 18, 'Y': 27, 'data': array([[196, 198, 191],
       [198, 198, 193],
       [197, 200, 198]], dtype=uint8), 'block_avg': 196, 'block_min': 191}
136: {'X': 18, 'Y': 30, 'data': array([[185, 186, 181],
       [191, 190, 185],
       [196, 193, 194]], dtype=uint8), 'block_avg': 189, 'block_min': 181}
137: {'X': 18, 'Y': 33, 'data': array([[182, 177, 179],
       [181, 181, 186],
       [188, 190, 190]], dtype=uint8), 'block_avg': 183, 'block_min': 177}
138: {'X': 18, 'Y': 36, 'data': array([[168, 170, 181],
       [176, 171, 173],
       [186, 184, 178]], dtype=uint8), 'block_avg': 176, 'block_min': 168}
139: {'X': 18, 'Y': 39, 'data': array([[183, 186, 190],
       [183, 182, 190],
       [186, 188, 189]], dtype=uint8), 'block_avg': 186, 'block_min': 182}
140: {'X': 18, 'Y': 42, 'data': array([[189, 190, 189],
       [190, 192, 189],
       [194, 193, 194]], dtype=uint8), 'block_avg': 191, 'block_min': 189}
141: {'X': 18, 'Y': 45, 'data': array([[188, 187, 190],
       [185, 191, 192],
       [188, 192, 196]], dtype=uint8), 'block_avg': 189, 'block_min': 185}
142: {'X': 18, 'Y': 48, 'data': array([[195, 198, 200],
       [194, 201, 199],
       [198, 199, 203]], dtype=uint8), 'block_avg': 198, 'block_min': 194}
143: {'X': 18, 'Y': 51, 'data': array([[196, 198, 195],
       [197, 195, 195],
       [198, 195, 199]], dtype=uint8), 'block_avg': 196, 'block_min': 195}
144: {'X': 18, 'Y': 54, 'data': array([[201, 199, 197],
       [198, 200, 203],
       [198, 203, 199]], dtype=uint8), 'block_avg': 199, 'block_min': 197}
145: {'X': 18, 'Y': 57, 'data': array([[200, 196, 206],
       [200, 195, 196],
       [197, 198, 196]], dtype=uint8), 'block_avg': 198, 'block_min': 195}
146: {'X': 18, 'Y': 60, 'data': array([[202, 202, 202],
       [199, 199, 197],
       [195, 198, 198]], dtype=uint8), 'block_avg': 199, 'block_min': 195}
147: {'X': 21, 'Y': 0, 'data': array([[198, 197, 196],
       [197, 196, 198],
       [191, 191, 193]], dtype=uint8), 'block_avg': 195, 'block_min': 191}
148: {'X': 21, 'Y': 3, 'data': array([[193, 189, 183],
       [194, 179, 177],
       [190, 175, 165]], dtype=uint8), 'block_avg': 182, 'block_min': 165}
149: {'X': 21, 'Y': 6, 'data': array([[172, 161, 167],
       [164, 159, 163],
       [163, 162, 161]], dtype=uint8), 'block_avg': 163, 'block_min': 159}
150: {'X': 21, 'Y': 9, 'data': array([[170, 153, 137],
       [165, 161, 145],
       [170, 171, 159]], dtype=uint8), 'block_avg': 159, 'block_min': 137}
151: {'X': 21, 'Y': 12, 'data': array([[136, 140, 143],
       [142, 138, 142],
       [156, 152, 160]], dtype=uint8), 'block_avg': 145, 'block_min': 136}
152: {'X': 21, 'Y': 15, 'data': array([[153, 155, 147],
       [150, 157, 147],
       [158, 167, 162]], dtype=uint8), 'block_avg': 155, 'block_min': 147}
153: {'X': 21, 'Y': 18, 'data': array([[139, 132, 138],
       [142, 140, 146],
       [147, 149, 158]], dtype=uint8), 'block_avg': 143, 'block_min': 132}
154: {'X': 21, 'Y': 21, 'data': array([[149, 163, 180],
       [161, 170, 181],
       [171, 178, 178]], dtype=uint8), 'block_avg': 170, 'block_min': 149}
155: {'X': 21, 'Y': 24, 'data': array([[190, 194, 190],
       [189, 192, 192],
       [184, 192, 192]], dtype=uint8), 'block_avg': 190, 'block_min': 184}
156: {'X': 21, 'Y': 27, 'data': array([[197, 199, 197],
       [193, 196, 195],
       [196, 191, 195]], dtype=uint8), 'block_avg': 195, 'block_min': 191}
157: {'X': 21, 'Y': 30, 'data': array([[201, 194, 191],
       [194, 195, 192],
       [186, 196, 194]], dtype=uint8), 'block_avg': 193, 'block_min': 186}
158: {'X': 21, 'Y': 33, 'data': array([[194, 195, 189],
       [193, 190, 196],
       [191, 191, 191]], dtype=uint8), 'block_avg': 192, 'block_min': 189}
159: {'X': 21, 'Y': 36, 'data': array([[189, 192, 188],
       [192, 199, 197],
       [192, 199, 202]], dtype=uint8), 'block_avg': 194, 'block_min': 188}
160: {'X': 21, 'Y': 39, 'data': array([[189, 194, 196],
       [195, 198, 196],
       [196, 201, 197]], dtype=uint8), 'block_avg': 195, 'block_min': 189}
161: {'X': 21, 'Y': 42, 'data': array([[191, 196, 196],
       [196, 200, 193],
       [196, 193, 192]], dtype=uint8), 'block_avg': 194, 'block_min': 191}
162: {'X': 21, 'Y': 45, 'data': array([[199, 196, 198],
       [194, 194, 199],
       [193, 192, 195]], dtype=uint8), 'block_avg': 195, 'block_min': 192}
163: {'X': 21, 'Y': 48, 'data': array([[202, 202, 201],
       [198, 200, 201],
       [202, 199, 202]], dtype=uint8), 'block_avg': 200, 'block_min': 198}
164: {'X': 21, 'Y': 51, 'data': array([[201, 197, 200],
       [204, 200, 199],
       [204, 202, 201]], dtype=uint8), 'block_avg': 200, 'block_min': 197}
165: {'X': 21, 'Y': 54, 'data': array([[200, 199, 196],
       [198, 200, 200],
       [199, 199, 199]], dtype=uint8), 'block_avg': 198, 'block_min': 196}
166: {'X': 21, 'Y': 57, 'data': array([[198, 200, 196],
       [199, 203, 199],
       [199, 198, 199]], dtype=uint8), 'block_avg': 199, 'block_min': 196}
167: {'X': 21, 'Y': 60, 'data': array([[195, 197, 198],
       [196, 195, 190],
       [198, 198, 191]], dtype=uint8), 'block_avg': 195, 'block_min': 190}
168: {'X': 24, 'Y': 0, 'data': array([[190, 188, 187],
       [190, 185, 182],
       [179, 180, 175]], dtype=uint8), 'block_avg': 184, 'block_min': 175}
169: {'X': 24, 'Y': 3, 'data': array([[181, 173, 170],
       [180, 173, 178],
       [180, 177, 172]], dtype=uint8), 'block_avg': 176, 'block_min': 170}
170: {'X': 24, 'Y': 6, 'data': array([[172, 163, 167],
       [176, 174, 178],
       [177, 180, 181]], dtype=uint8), 'block_avg': 174, 'block_min': 163}
171: {'X': 24, 'Y': 9, 'data': array([[173, 170, 167],
       [181, 181, 185],
       [181, 185, 189]], dtype=uint8), 'block_avg': 179, 'block_min': 167}
172: {'X': 24, 'Y': 12, 'data': array([[174, 177, 174],
       [180, 184, 181],
       [182, 185, 184]], dtype=uint8), 'block_avg': 180, 'block_min': 174}
173: {'X': 24, 'Y': 15, 'data': array([[172, 177, 172],
       [171, 169, 176],
       [176, 176, 172]], dtype=uint8), 'block_avg': 173, 'block_min': 169}
174: {'X': 24, 'Y': 18, 'data': array([[159, 160, 168],
       [170, 166, 176],
       [174, 171, 179]], dtype=uint8), 'block_avg': 169, 'block_min': 159}
175: {'X': 24, 'Y': 21, 'data': array([[176, 184, 184],
       [179, 183, 181],
       [180, 173, 171]], dtype=uint8), 'block_avg': 179, 'block_min': 171}
176: {'X': 24, 'Y': 24, 'data': array([[181, 185, 187],
       [177, 172, 175],
       [169, 165, 171]], dtype=uint8), 'block_avg': 175, 'block_min': 165}
177: {'X': 24, 'Y': 27, 'data': array([[193, 188, 187],
       [182, 185, 185],
       [177, 186, 193]], dtype=uint8), 'block_avg': 186, 'block_min': 177}
178: {'X': 24, 'Y': 30, 'data': array([[189, 192, 193],
       [189, 192, 196],
       [192, 192, 192]], dtype=uint8), 'block_avg': 191, 'block_min': 189}
179: {'X': 24, 'Y': 33, 'data': array([[197, 190, 192],
       [198, 191, 184],
       [195, 186, 185]], dtype=uint8), 'block_avg': 190, 'block_min': 184}
180: {'X': 24, 'Y': 36, 'data': array([[191, 190, 197],
       [193, 192, 191],
       [189, 186, 185]], dtype=uint8), 'block_avg': 190, 'block_min': 185}
181: {'X': 24, 'Y': 39, 'data': array([[196, 197, 194],
       [196, 200, 196],
       [194, 194, 197]], dtype=uint8), 'block_avg': 196, 'block_min': 194}
182: {'X': 24, 'Y': 42, 'data': array([[194, 195, 194],
       [195, 193, 193],
       [199, 193, 195]], dtype=uint8), 'block_avg': 194, 'block_min': 193}
183: {'X': 24, 'Y': 45, 'data': array([[194, 192, 191],
       [194, 194, 195],
       [197, 195, 193]], dtype=uint8), 'block_avg': 193, 'block_min': 191}
184: {'X': 24, 'Y': 48, 'data': array([[195, 197, 196],
       [192, 192, 193],
       [193, 194, 190]], dtype=uint8), 'block_avg': 193, 'block_min': 190}
185: {'X': 24, 'Y': 51, 'data': array([[200, 200, 202],
       [198, 196, 198],
       [195, 198, 198]], dtype=uint8), 'block_avg': 198, 'block_min': 195}
186: {'X': 24, 'Y': 54, 'data': array([[201, 200, 196],
       [193, 194, 199],
       [196, 194, 200]], dtype=uint8), 'block_avg': 197, 'block_min': 193}
187: {'X': 24, 'Y': 57, 'data': array([[200, 197, 196],
       [203, 196, 195],
       [199, 198, 199]], dtype=uint8), 'block_avg': 198, 'block_min': 195}
188: {'X': 24, 'Y': 60, 'data': array([[198, 204, 196],
       [197, 202, 194],
       [198, 203, 196]], dtype=uint8), 'block_avg': 198, 'block_min': 194}
189: {'X': 27, 'Y': 0, 'data': array([[175, 176, 171],
       [169, 171, 169],
       [167, 175, 176]], dtype=uint8), 'block_avg': 172, 'block_min': 167}
190: {'X': 27, 'Y': 3, 'data': array([[179, 176, 173],
       [174, 171, 174],
       [174, 171, 173]], dtype=uint8), 'block_avg': 173, 'block_min': 171}
191: {'X': 27, 'Y': 6, 'data': array([[172, 183, 180],
       [177, 177, 171],
       [176, 170, 172]], dtype=uint8), 'block_avg': 175, 'block_min': 170}
192: {'X': 27, 'Y': 9, 'data': array([[178, 181, 185],
       [171, 172, 171],
       [172, 165, 169]], dtype=uint8), 'block_avg': 173, 'block_min': 165}
193: {'X': 27, 'Y': 12, 'data': array([[178, 179, 175],
       [167, 169, 174],
       [168, 162, 165]], dtype=uint8), 'block_avg': 170, 'block_min': 162}
194: {'X': 27, 'Y': 15, 'data': array([[174, 181, 178],
       [174, 176, 176],
       [163, 173, 174]], dtype=uint8), 'block_avg': 174, 'block_min': 163}
195: {'X': 27, 'Y': 18, 'data': array([[181, 183, 182],
       [183, 185, 184],
       [179, 179, 184]], dtype=uint8), 'block_avg': 182, 'block_min': 179}
196: {'X': 27, 'Y': 21, 'data': array([[176, 180, 175],
       [180, 186, 179],
       [185, 184, 177]], dtype=uint8), 'block_avg': 180, 'block_min': 175}
197: {'X': 27, 'Y': 24, 'data': array([[168, 168, 179],
       [174, 175, 175],
       [174, 175, 172]], dtype=uint8), 'block_avg': 173, 'block_min': 168}
198: {'X': 27, 'Y': 27, 'data': array([[182, 187, 191],
       [185, 187, 188],
       [186, 189, 193]], dtype=uint8), 'block_avg': 187, 'block_min': 182}
199: {'X': 27, 'Y': 30, 'data': array([[192, 190, 187],
       [186, 189, 185],
       [190, 189, 186]], dtype=uint8), 'block_avg': 188, 'block_min': 185}
200: {'X': 27, 'Y': 33, 'data': array([[192, 190, 189],
       [188, 190, 191],
       [181, 186, 188]], dtype=uint8), 'block_avg': 188, 'block_min': 181}
201: {'X': 27, 'Y': 36, 'data': array([[193, 188, 185],
       [189, 190, 188],
       [188, 192, 192]], dtype=uint8), 'block_avg': 189, 'block_min': 185}
202: {'X': 27, 'Y': 39, 'data': array([[192, 196, 199],
       [193, 197, 200],
       [194, 195, 200]], dtype=uint8), 'block_avg': 196, 'block_min': 192}
203: {'X': 27, 'Y': 42, 'data': array([[199, 198, 199],
       [201, 201, 201],
       [200, 200, 198]], dtype=uint8), 'block_avg': 199, 'block_min': 198}
204: {'X': 27, 'Y': 45, 'data': array([[200, 195, 193],
       [200, 198, 196],
       [200, 199, 198]], dtype=uint8), 'block_avg': 197, 'block_min': 193}
205: {'X': 27, 'Y': 48, 'data': array([[196, 196, 196],
       [201, 202, 198],
       [199, 199, 198]], dtype=uint8), 'block_avg': 198, 'block_min': 196}
206: {'X': 27, 'Y': 51, 'data': array([[195, 194, 194],
       [198, 199, 196],
       [197, 197, 198]], dtype=uint8), 'block_avg': 196, 'block_min': 194}
207: {'X': 27, 'Y': 54, 'data': array([[198, 194, 196],
       [196, 196, 193],
       [201, 201, 197]], dtype=uint8), 'block_avg': 196, 'block_min': 193}
208: {'X': 27, 'Y': 57, 'data': array([[195, 195, 200],
       [195, 199, 199],
       [199, 205, 203]], dtype=uint8), 'block_avg': 198, 'block_min': 195}
209: {'X': 27, 'Y': 60, 'data': array([[200, 199, 196],
       [200, 197, 197],
       [198, 199, 199]], dtype=uint8), 'block_avg': 198, 'block_min': 196}
210: {'X': 30, 'Y': 0, 'data': array([[172, 179, 174],
       [175, 182, 170],
       [174, 177, 170]], dtype=uint8), 'block_avg': 174, 'block_min': 170}
211: {'X': 30, 'Y': 3, 'data': array([[172, 170, 172],
       [170, 167, 170],
       [171, 168, 165]], dtype=uint8), 'block_avg': 169, 'block_min': 165}
212: {'X': 30, 'Y': 6, 'data': array([[176, 180, 177],
       [175, 176, 178],
       [175, 177, 180]], dtype=uint8), 'block_avg': 177, 'block_min': 175}
213: {'X': 30, 'Y': 9, 'data': array([[171, 169, 171],
       [177, 172, 177],
       [176, 176, 182]], dtype=uint8), 'block_avg': 174, 'block_min': 169}
214: {'X': 30, 'Y': 12, 'data': array([[169, 166, 163],
       [176, 176, 174],
       [181, 175, 177]], dtype=uint8), 'block_avg': 173, 'block_min': 163}
215: {'X': 30, 'Y': 15, 'data': array([[166, 169, 173],
       [175, 175, 174],
       [180, 185, 177]], dtype=uint8), 'block_avg': 174, 'block_min': 166}
216: {'X': 30, 'Y': 18, 'data': array([[177, 176, 181],
       [177, 178, 181],
       [185, 180, 189]], dtype=uint8), 'block_avg': 180, 'block_min': 176}
217: {'X': 30, 'Y': 21, 'data': array([[182, 175, 171],
       [178, 177, 178],
       [188, 180, 180]], dtype=uint8), 'block_avg': 178, 'block_min': 171}
218: {'X': 30, 'Y': 24, 'data': array([[170, 179, 183],
       [175, 177, 178],
       [182, 185, 180]], dtype=uint8), 'block_avg': 178, 'block_min': 170}
219: {'X': 30, 'Y': 27, 'data': array([[185, 187, 189],
       [184, 182, 182],
       [182, 185, 178]], dtype=uint8), 'block_avg': 183, 'block_min': 178}
220: {'X': 30, 'Y': 30, 'data': array([[190, 190, 183],
       [182, 183, 181],
       [181, 167, 174]], dtype=uint8), 'block_avg': 181, 'block_min': 167}
221: {'X': 30, 'Y': 33, 'data': array([[182, 181, 187],
       [182, 184, 186],
       [182, 184, 185]], dtype=uint8), 'block_avg': 183, 'block_min': 181}
222: {'X': 30, 'Y': 36, 'data': array([[187, 188, 191],
       [185, 189, 189],
       [186, 183, 188]], dtype=uint8), 'block_avg': 187, 'block_min': 183}
223: {'X': 30, 'Y': 39, 'data': array([[194, 191, 194],
       [188, 183, 186],
       [184, 179, 179]], dtype=uint8), 'block_avg': 186, 'block_min': 179}
224: {'X': 30, 'Y': 42, 'data': array([[193, 195, 198],
       [182, 185, 194],
       [175, 183, 182]], dtype=uint8), 'block_avg': 187, 'block_min': 175}
225: {'X': 30, 'Y': 45, 'data': array([[197, 194, 196],
       [192, 190, 193],
       [190, 188, 187]], dtype=uint8), 'block_avg': 191, 'block_min': 187}
226: {'X': 30, 'Y': 48, 'data': array([[191, 198, 197],
       [191, 192, 191],
       [190, 188, 192]], dtype=uint8), 'block_avg': 192, 'block_min': 188}
227: {'X': 30, 'Y': 51, 'data': array([[197, 199, 197],
       [196, 195, 194],
       [191, 188, 188]], dtype=uint8), 'block_avg': 193, 'block_min': 188}
228: {'X': 30, 'Y': 54, 'data': array([[197, 199, 203],
       [194, 193, 195],
       [190, 186, 187]], dtype=uint8), 'block_avg': 193, 'block_min': 186}
229: {'X': 30, 'Y': 57, 'data': array([[200, 202, 199],
       [197, 199, 200],
       [190, 195, 193]], dtype=uint8), 'block_avg': 197, 'block_min': 190}
230: {'X': 30, 'Y': 60, 'data': array([[198, 197, 200],
       [198, 197, 198],
       [193, 195, 193]], dtype=uint8), 'block_avg': 196, 'block_min': 193}
231: {'X': 33, 'Y': 0, 'data': array([[170, 169, 167],
       [169, 169, 164],
       [160, 162, 155]], dtype=uint8), 'block_avg': 165, 'block_min': 155}
232: {'X': 33, 'Y': 3, 'data': array([[162, 156, 163],
       [158, 158, 164],
       [154, 160, 163]], dtype=uint8), 'block_avg': 159, 'block_min': 154}
233: {'X': 33, 'Y': 6, 'data': array([[166, 175, 178],
       [156, 168, 171],
       [157, 168, 171]], dtype=uint8), 'block_avg': 167, 'block_min': 156}
234: {'X': 33, 'Y': 9, 'data': array([[178, 177, 182],
       [176, 175, 176],
       [171, 172, 167]], dtype=uint8), 'block_avg': 174, 'block_min': 167}
235: {'X': 33, 'Y': 12, 'data': array([[183, 181, 178],
       [181, 181, 179],
       [174, 172, 179]], dtype=uint8), 'block_avg': 178, 'block_min': 172}
236: {'X': 33, 'Y': 15, 'data': array([[182, 186, 181],
       [181, 182, 183],
       [181, 179, 176]], dtype=uint8), 'block_avg': 181, 'block_min': 176}
237: {'X': 33, 'Y': 18, 'data': array([[179, 187, 191],
       [177, 187, 189],
       [178, 182, 184]], dtype=uint8), 'block_avg': 183, 'block_min': 177}
238: {'X': 33, 'Y': 21, 'data': array([[184, 186, 182],
       [187, 187, 185],
       [179, 184, 185]], dtype=uint8), 'block_avg': 184, 'block_min': 179}
239: {'X': 33, 'Y': 24, 'data': array([[184, 178, 181],
       [181, 185, 185],
       [185, 184, 182]], dtype=uint8), 'block_avg': 182, 'block_min': 178}
240: {'X': 33, 'Y': 27, 'data': array([[181, 176, 176],
       [181, 178, 176],
       [181, 184, 173]], dtype=uint8), 'block_avg': 178, 'block_min': 173}
241: {'X': 33, 'Y': 30, 'data': array([[180, 168, 172],
       [179, 177, 174],
       [178, 180, 173]], dtype=uint8), 'block_avg': 175, 'block_min': 168}
242: {'X': 33, 'Y': 33, 'data': array([[179, 176, 177],
       [169, 169, 170],
       [166, 164, 163]], dtype=uint8), 'block_avg': 170, 'block_min': 163}
243: {'X': 33, 'Y': 36, 'data': array([[177, 179, 185],
       [174, 180, 185],
       [165, 178, 188]], dtype=uint8), 'block_avg': 179, 'block_min': 165}
244: {'X': 33, 'Y': 39, 'data': array([[187, 174, 176],
       [173, 168, 171],
       [178, 180, 176]], dtype=uint8), 'block_avg': 175, 'block_min': 168}
245: {'X': 33, 'Y': 42, 'data': array([[177, 183, 187],
       [173, 178, 186],
       [170, 182, 183]], dtype=uint8), 'block_avg': 179, 'block_min': 170}
246: {'X': 33, 'Y': 45, 'data': array([[187, 188, 185],
       [176, 173, 169],
       [177, 175, 164]], dtype=uint8), 'block_avg': 177, 'block_min': 164}
247: {'X': 33, 'Y': 48, 'data': array([[183, 181, 186],
       [169, 171, 174],
       [167, 165, 170]], dtype=uint8), 'block_avg': 174, 'block_min': 165}
248: {'X': 33, 'Y': 51, 'data': array([[181, 185, 181],
       [176, 174, 175],
       [176, 177, 176]], dtype=uint8), 'block_avg': 177, 'block_min': 174}
249: {'X': 33, 'Y': 54, 'data': array([[190, 192, 191],
       [185, 186, 189],
       [175, 183, 184]], dtype=uint8), 'block_avg': 186, 'block_min': 175}
250: {'X': 33, 'Y': 57, 'data': array([[187, 187, 191],
       [188, 181, 191],
       [190, 183, 181]], dtype=uint8), 'block_avg': 186, 'block_min': 181}
251: {'X': 33, 'Y': 60, 'data': array([[194, 192, 186],
       [188, 184, 183],
       [178, 178, 179]], dtype=uint8), 'block_avg': 184, 'block_min': 178}
252: {'X': 36, 'Y': 0, 'data': array([[158, 163, 148],
       [159, 164, 161],
       [156, 154, 159]], dtype=uint8), 'block_avg': 158, 'block_min': 148}
253: {'X': 36, 'Y': 3, 'data': array([[156, 164, 160],
       [160, 154, 155],
       [154, 152, 150]], dtype=uint8), 'block_avg': 156, 'block_min': 150}
254: {'X': 36, 'Y': 6, 'data': array([[156, 169, 167],
       [150, 159, 160],
       [153, 150, 154]], dtype=uint8), 'block_avg': 157, 'block_min': 150}
255: {'X': 36, 'Y': 9, 'data': array([[166, 161, 163],
       [162, 160, 162],
       [149, 152, 158]], dtype=uint8), 'block_avg': 159, 'block_min': 149}
256: {'X': 36, 'Y': 12, 'data': array([[165, 167, 170],
       [156, 154, 161],
       [156, 150, 152]], dtype=uint8), 'block_avg': 159, 'block_min': 150}
257: {'X': 36, 'Y': 15, 'data': array([[172, 172, 173],
       [163, 163, 169],
       [160, 158, 154]], dtype=uint8), 'block_avg': 164, 'block_min': 154}
258: {'X': 36, 'Y': 18, 'data': array([[165, 176, 178],
       [164, 173, 167],
       [156, 164, 167]], dtype=uint8), 'block_avg': 167, 'block_min': 156}
259: {'X': 36, 'Y': 21, 'data': array([[171, 172, 175],
       [171, 173, 173],
       [171, 166, 175]], dtype=uint8), 'block_avg': 171, 'block_min': 166}
260: {'X': 36, 'Y': 24, 'data': array([[178, 176, 177],
       [166, 169, 178],
       [164, 166, 164]], dtype=uint8), 'block_avg': 170, 'block_min': 164}
261: {'X': 36, 'Y': 27, 'data': array([[176, 181, 182],
       [171, 180, 179],
       [164, 173, 173]], dtype=uint8), 'block_avg': 175, 'block_min': 164}
262: {'X': 36, 'Y': 30, 'data': array([[180, 181, 186],
       [182, 179, 187],
       [175, 182, 186]], dtype=uint8), 'block_avg': 182, 'block_min': 175}
263: {'X': 36, 'Y': 33, 'data': array([[178, 177, 169],
       [183, 185, 181],
       [181, 188, 191]], dtype=uint8), 'block_avg': 181, 'block_min': 169}
264: {'X': 36, 'Y': 36, 'data': array([[174, 177, 185],
       [185, 187, 187],
       [189, 191, 194]], dtype=uint8), 'block_avg': 185, 'block_min': 174}
265: {'X': 36, 'Y': 39, 'data': array([[184, 187, 181],
       [191, 190, 185],
       [194, 189, 189]], dtype=uint8), 'block_avg': 187, 'block_min': 181}
266: {'X': 36, 'Y': 42, 'data': array([[181, 181, 181],
       [183, 184, 180],
       [189, 192, 184]], dtype=uint8), 'block_avg': 183, 'block_min': 180}
267: {'X': 36, 'Y': 45, 'data': array([[181, 180, 172],
       [178, 185, 185],
       [183, 185, 185]], dtype=uint8), 'block_avg': 181, 'block_min': 172}
268: {'X': 36, 'Y': 48, 'data': array([[173, 170, 169],
       [185, 187, 178],
       [185, 189, 186]], dtype=uint8), 'block_avg': 180, 'block_min': 169}
269: {'X': 36, 'Y': 51, 'data': array([[176, 178, 176],
       [175, 178, 178],
       [186, 190, 187]], dtype=uint8), 'block_avg': 180, 'block_min': 175}
270: {'X': 36, 'Y': 54, 'data': array([[172, 179, 185],
       [180, 185, 191],
       [190, 191, 192]], dtype=uint8), 'block_avg': 185, 'block_min': 172}
271: {'X': 36, 'Y': 57, 'data': array([[184, 180, 176],
       [180, 168, 167],
       [184, 179, 170]], dtype=uint8), 'block_avg': 176, 'block_min': 167}
272: {'X': 36, 'Y': 60, 'data': array([[168, 175, 178],
       [163, 172, 184],
       [178, 186, 193]], dtype=uint8), 'block_avg': 177, 'block_min': 163}
273: {'X': 39, 'Y': 0, 'data': array([[149, 153, 151],
       [147, 144, 146],
       [139, 141, 142]], dtype=uint8), 'block_avg': 145, 'block_min': 139}
274: {'X': 39, 'Y': 3, 'data': array([[147, 148, 148],
       [144, 136, 142],
       [140, 138, 137]], dtype=uint8), 'block_avg': 142, 'block_min': 136}
275: {'X': 39, 'Y': 6, 'data': array([[144, 149, 144],
       [136, 144, 141],
       [131, 132, 125]], dtype=uint8), 'block_avg': 138, 'block_min': 125}
276: {'X': 39, 'Y': 9, 'data': array([[144, 143, 141],
       [139, 136, 137],
       [131, 129, 125]], dtype=uint8), 'block_avg': 136, 'block_min': 125}
277: {'X': 39, 'Y': 12, 'data': array([[136, 141, 151],
       [126, 133, 143],
       [124, 129, 138]], dtype=uint8), 'block_avg': 135, 'block_min': 124}
278: {'X': 39, 'Y': 15, 'data': array([[158, 148, 143],
       [145, 138, 130],
       [138, 139, 133]], dtype=uint8), 'block_avg': 141, 'block_min': 130}
279: {'X': 39, 'Y': 18, 'data': array([[141, 152, 160],
       [136, 140, 143],
       [131, 137, 132]], dtype=uint8), 'block_avg': 141, 'block_min': 131}
280: {'X': 39, 'Y': 21, 'data': array([[164, 156, 164],
       [153, 158, 148],
       [140, 144, 146]], dtype=uint8), 'block_avg': 152, 'block_min': 140}
281: {'X': 39, 'Y': 24, 'data': array([[163, 168, 166],
       [149, 159, 167],
       [148, 149, 159]], dtype=uint8), 'block_avg': 158, 'block_min': 148}
282: {'X': 39, 'Y': 27, 'data': array([[161, 168, 167],
       [164, 161, 162],
       [164, 159, 159]], dtype=uint8), 'block_avg': 162, 'block_min': 159}
283: {'X': 39, 'Y': 30, 'data': array([[179, 176, 181],
       [166, 171, 179],
       [156, 164, 176]], dtype=uint8), 'block_avg': 172, 'block_min': 156}
284: {'X': 39, 'Y': 33, 'data': array([[185, 194, 188],
       [183, 187, 183],
       [185, 186, 187]], dtype=uint8), 'block_avg': 186, 'block_min': 183}
285: {'X': 39, 'Y': 36, 'data': array([[186, 190, 193],
       [188, 188, 190],
       [190, 190, 189]], dtype=uint8), 'block_avg': 189, 'block_min': 186}
286: {'X': 39, 'Y': 39, 'data': array([[190, 186, 188],
       [188, 182, 187],
       [184, 183, 188]], dtype=uint8), 'block_avg': 186, 'block_min': 182}
287: {'X': 39, 'Y': 42, 'data': array([[189, 186, 181],
       [188, 188, 187],
       [187, 185, 187]], dtype=uint8), 'block_avg': 186, 'block_min': 181}
288: {'X': 39, 'Y': 45, 'data': array([[186, 187, 190],
       [192, 190, 194],
       [191, 190, 196]], dtype=uint8), 'block_avg': 190, 'block_min': 186}
289: {'X': 39, 'Y': 48, 'data': array([[190, 186, 186],
       [193, 188, 186],
       [194, 186, 187]], dtype=uint8), 'block_avg': 188, 'block_min': 186}
290: {'X': 39, 'Y': 51, 'data': array([[192, 191, 195],
       [194, 193, 190],
       [191, 188, 189]], dtype=uint8), 'block_avg': 191, 'block_min': 188}
291: {'X': 39, 'Y': 54, 'data': array([[191, 194, 189],
       [184, 184, 184],
       [183, 176, 182]], dtype=uint8), 'block_avg': 185, 'block_min': 176}
292: {'X': 39, 'Y': 57, 'data': array([[188, 190, 180],
       [187, 186, 185],
       [182, 177, 181]], dtype=uint8), 'block_avg': 184, 'block_min': 177}
293: {'X': 39, 'Y': 60, 'data': array([[182, 189, 200],
       [193, 192, 193],
       [190, 191, 189]], dtype=uint8), 'block_avg': 191, 'block_min': 182}
294: {'X': 42, 'Y': 0, 'data': array([[137, 131, 134],
       [121, 123, 129],
       [120, 120, 125]], dtype=uint8), 'block_avg': 126, 'block_min': 120}
295: {'X': 42, 'Y': 3, 'data': array([[132, 134, 137],
       [127, 131, 134],
       [120, 123, 129]], dtype=uint8), 'block_avg': 129, 'block_min': 120}
296: {'X': 42, 'Y': 6, 'data': array([[127, 125, 120],
       [130, 135, 132],
       [128, 132, 129]], dtype=uint8), 'block_avg': 128, 'block_min': 120}
297: {'X': 42, 'Y': 9, 'data': array([[119, 120, 121],
       [127, 118, 123],
       [136, 129, 130]], dtype=uint8), 'block_avg': 124, 'block_min': 118}
298: {'X': 42, 'Y': 12, 'data': array([[119, 128, 134],
       [117, 128, 132],
       [122, 131, 127]], dtype=uint8), 'block_avg': 126, 'block_min': 117}
299: {'X': 42, 'Y': 15, 'data': array([[128, 140, 146],
       [129, 139, 137],
       [131, 130, 130]], dtype=uint8), 'block_avg': 134, 'block_min': 128}
300: {'X': 42, 'Y': 18, 'data': array([[138, 138, 133],
       [136, 142, 148],
       [132, 145, 161]], dtype=uint8), 'block_avg': 141, 'block_min': 132}
301: {'X': 42, 'Y': 21, 'data': array([[132, 143, 149],
       [143, 154, 159],
       [166, 169, 180]], dtype=uint8), 'block_avg': 155, 'block_min': 132}
302: {'X': 42, 'Y': 24, 'data': array([[147, 153, 160],
       [160, 163, 174],
       [187, 184, 191]], dtype=uint8), 'block_avg': 168, 'block_min': 147}
303: {'X': 42, 'Y': 27, 'data': array([[177, 174, 172],
       [186, 184, 175],
       [192, 188, 184]], dtype=uint8), 'block_avg': 181, 'block_min': 172}
304: {'X': 42, 'Y': 30, 'data': array([[168, 168, 182],
       [176, 179, 187],
       [183, 181, 190]], dtype=uint8), 'block_avg': 179, 'block_min': 168}
305: {'X': 42, 'Y': 33, 'data': array([[186, 187, 188],
       [188, 186, 185],
       [189, 186, 186]], dtype=uint8), 'block_avg': 186, 'block_min': 185}
306: {'X': 42, 'Y': 36, 'data': array([[192, 186, 184],
       [188, 181, 186],
       [185, 184, 184]], dtype=uint8), 'block_avg': 185, 'block_min': 181}
307: {'X': 42, 'Y': 39, 'data': array([[174, 179, 188],
       [182, 178, 182],
       [176, 167, 173]], dtype=uint8), 'block_avg': 177, 'block_min': 167}
308: {'X': 42, 'Y': 42, 'data': array([[188, 187, 187],
       [180, 188, 191],
       [182, 189, 195]], dtype=uint8), 'block_avg': 187, 'block_min': 180}
309: {'X': 42, 'Y': 45, 'data': array([[195, 196, 193],
       [195, 194, 194],
       [193, 194, 192]], dtype=uint8), 'block_avg': 194, 'block_min': 192}
310: {'X': 42, 'Y': 48, 'data': array([[189, 187, 184],
       [183, 181, 175],
       [188, 180, 176]], dtype=uint8), 'block_avg': 182, 'block_min': 175}
311: {'X': 42, 'Y': 51, 'data': array([[183, 182, 185],
       [175, 174, 180],
       [173, 168, 167]], dtype=uint8), 'block_avg': 176, 'block_min': 167}
312: {'X': 42, 'Y': 54, 'data': array([[178, 175, 175],
       [179, 173, 168],
       [173, 169, 162]], dtype=uint8), 'block_avg': 172, 'block_min': 162}
313: {'X': 42, 'Y': 57, 'data': array([[174, 173, 180],
       [167, 167, 177],
       [169, 167, 167]], dtype=uint8), 'block_avg': 171, 'block_min': 167}
314: {'X': 42, 'Y': 60, 'data': array([[189, 188, 192],
       [181, 188, 189],
       [179, 181, 184]], dtype=uint8), 'block_avg': 185, 'block_min': 179}
315: {'X': 45, 'Y': 0, 'data': array([[117, 118, 119],
       [115, 114, 114],
       [112, 107, 111]], dtype=uint8), 'block_avg': 114, 'block_min': 107}
316: {'X': 45, 'Y': 3, 'data': array([[123, 123, 124],
       [123, 122, 116],
       [127, 123, 120]], dtype=uint8), 'block_avg': 122, 'block_min': 116}
317: {'X': 45, 'Y': 6, 'data': array([[121, 119, 115],
       [115, 117, 114],
       [115, 122, 122]], dtype=uint8), 'block_avg': 117, 'block_min': 114}
318: {'X': 45, 'Y': 9, 'data': array([[131, 135, 138],
       [123, 132, 130],
       [121, 123, 120]], dtype=uint8), 'block_avg': 128, 'block_min': 120}
319: {'X': 45, 'Y': 12, 'data': array([[134, 133, 129],
       [126, 124, 125],
       [116, 117, 123]], dtype=uint8), 'block_avg': 125, 'block_min': 116}
320: {'X': 45, 'Y': 15, 'data': array([[126, 130, 126],
       [120, 126, 138],
       [116, 126, 144]], dtype=uint8), 'block_avg': 128, 'block_min': 116}
321: {'X': 45, 'Y': 18, 'data': array([[132, 156, 179],
       [145, 160, 185],
       [160, 171, 181]], dtype=uint8), 'block_avg': 163, 'block_min': 132}
322: {'X': 45, 'Y': 21, 'data': array([[186, 189, 192],
       [189, 191, 198],
       [195, 198, 199]], dtype=uint8), 'block_avg': 193, 'block_min': 186}
323: {'X': 45, 'Y': 24, 'data': array([[194, 195, 196],
       [198, 199, 200],
       [197, 200, 200]], dtype=uint8), 'block_avg': 197, 'block_min': 194}
324: {'X': 45, 'Y': 27, 'data': array([[195, 191, 193],
       [199, 198, 196],
       [200, 202, 198]], dtype=uint8), 'block_avg': 196, 'block_min': 191}
325: {'X': 45, 'Y': 30, 'data': array([[188, 187, 191],
       [194, 190, 189],
       [194, 188, 187]], dtype=uint8), 'block_avg': 189, 'block_min': 187}
326: {'X': 45, 'Y': 33, 'data': array([[192, 189, 188],
       [183, 183, 184],
       [174, 165, 182]], dtype=uint8), 'block_avg': 182, 'block_min': 165}
327: {'X': 45, 'Y': 36, 'data': array([[181, 178, 181],
       [186, 185, 185],
       [185, 188, 191]], dtype=uint8), 'block_avg': 184, 'block_min': 178}
328: {'X': 45, 'Y': 39, 'data': array([[179, 173, 174],
       [181, 177, 182],
       [185, 183, 186]], dtype=uint8), 'block_avg': 180, 'block_min': 173}
329: {'X': 45, 'Y': 42, 'data': array([[187, 187, 191],
       [193, 193, 195],
       [196, 196, 194]], dtype=uint8), 'block_avg': 192, 'block_min': 187}
330: {'X': 45, 'Y': 45, 'data': array([[194, 195, 193],
       [199, 197, 191],
       [196, 194, 189]], dtype=uint8), 'block_avg': 194, 'block_min': 189}
331: {'X': 45, 'Y': 48, 'data': array([[187, 179, 176],
       [188, 179, 176],
       [185, 178, 173]], dtype=uint8), 'block_avg': 180, 'block_min': 173}
332: {'X': 45, 'Y': 51, 'data': array([[167, 167, 168],
       [168, 169, 168],
       [167, 168, 169]], dtype=uint8), 'block_avg': 167, 'block_min': 167}
333: {'X': 45, 'Y': 54, 'data': array([[174, 171, 169],
       [171, 163, 167],
       [174, 166, 170]], dtype=uint8), 'block_avg': 169, 'block_min': 163}
334: {'X': 45, 'Y': 57, 'data': array([[169, 169, 172],
       [173, 173, 176],
       [177, 187, 188]], dtype=uint8), 'block_avg': 176, 'block_min': 169}
335: {'X': 45, 'Y': 60, 'data': array([[178, 185, 185],
       [182, 188, 187],
       [188, 188, 191]], dtype=uint8), 'block_avg': 185, 'block_min': 178}
336: {'X': 48, 'Y': 0, 'data': array([[115, 108, 115],
       [116, 112, 116],
       [111, 113, 122]], dtype=uint8), 'block_avg': 114, 'block_min': 108}
337: {'X': 48, 'Y': 3, 'data': array([[120, 122, 122],
       [121, 119, 121],
       [122, 118, 120]], dtype=uint8), 'block_avg': 120, 'block_min': 118}
338: {'X': 48, 'Y': 6, 'data': array([[124, 122, 124],
       [120, 124, 119],
       [124, 123, 114]], dtype=uint8), 'block_avg': 121, 'block_min': 114}
339: {'X': 48, 'Y': 9, 'data': array([[125, 125, 119],
       [125, 126, 121],
       [114, 113, 105]], dtype=uint8), 'block_avg': 119, 'block_min': 105}
340: {'X': 48, 'Y': 12, 'data': array([[118, 110, 114],
       [119, 115, 114],
       [108, 114, 115]], dtype=uint8), 'block_avg': 114, 'block_min': 108}
341: {'X': 48, 'Y': 15, 'data': array([[118, 131, 160],
       [126, 143, 168],
       [128, 153, 173]], dtype=uint8), 'block_avg': 144, 'block_min': 118}
342: {'X': 48, 'Y': 18, 'data': array([[172, 178, 182],
       [177, 181, 188],
       [177, 177, 190]], dtype=uint8), 'block_avg': 180, 'block_min': 172}
343: {'X': 48, 'Y': 21, 'data': array([[196, 201, 198],
       [196, 196, 198],
       [196, 198, 199]], dtype=uint8), 'block_avg': 197, 'block_min': 196}
344: {'X': 48, 'Y': 24, 'data': array([[196, 203, 200],
       [199, 196, 195],
       [199, 193, 192]], dtype=uint8), 'block_avg': 197, 'block_min': 192}
345: {'X': 48, 'Y': 27, 'data': array([[199, 199, 196],
       [197, 195, 200],
       [199, 193, 198]], dtype=uint8), 'block_avg': 197, 'block_min': 193}
346: {'X': 48, 'Y': 30, 'data': array([[193, 194, 186],
       [198, 200, 199],
       [199, 200, 200]], dtype=uint8), 'block_avg': 196, 'block_min': 186}
347: {'X': 48, 'Y': 33, 'data': array([[181, 176, 178],
       [189, 182, 177],
       [195, 187, 182]], dtype=uint8), 'block_avg': 183, 'block_min': 176}
348: {'X': 48, 'Y': 36, 'data': array([[181, 189, 189],
       [186, 190, 192],
       [189, 194, 200]], dtype=uint8), 'block_avg': 190, 'block_min': 181}
349: {'X': 48, 'Y': 39, 'data': array([[185, 189, 190],
       [189, 193, 196],
       [199, 197, 201]], dtype=uint8), 'block_avg': 193, 'block_min': 185}
350: {'X': 48, 'Y': 42, 'data': array([[196, 190, 193],
       [193, 192, 198],
       [192, 189, 193]], dtype=uint8), 'block_avg': 192, 'block_min': 189}
351: {'X': 48, 'Y': 45, 'data': array([[196, 194, 186],
       [196, 190, 188],
       [194, 192, 188]], dtype=uint8), 'block_avg': 191, 'block_min': 186}
352: {'X': 48, 'Y': 48, 'data': array([[181, 174, 167],
       [183, 181, 174],
       [188, 188, 183]], dtype=uint8), 'block_avg': 179, 'block_min': 167}
353: {'X': 48, 'Y': 51, 'data': array([[164, 171, 180],
       [171, 175, 176],
       [179, 173, 178]], dtype=uint8), 'block_avg': 174, 'block_min': 164}
354: {'X': 48, 'Y': 54, 'data': array([[180, 169, 176],
       [179, 175, 183],
       [181, 180, 187]], dtype=uint8), 'block_avg': 178, 'block_min': 169}
355: {'X': 48, 'Y': 57, 'data': array([[180, 188, 189],
       [186, 190, 189],
       [190, 187, 183]], dtype=uint8), 'block_avg': 186, 'block_min': 180}
356: {'X': 48, 'Y': 60, 'data': array([[187, 186, 193],
       [187, 186, 189],
       [187, 190, 196]], dtype=uint8), 'block_avg': 189, 'block_min': 186}
357: {'X': 51, 'Y': 0, 'data': array([[111, 117, 121],
       [110, 118, 121],
       [122, 120, 114]], dtype=uint8), 'block_avg': 117, 'block_min': 110}
358: {'X': 51, 'Y': 3, 'data': array([[123, 121, 125],
       [111, 110, 116],
       [110, 113, 115]], dtype=uint8), 'block_avg': 116, 'block_min': 110}
359: {'X': 51, 'Y': 6, 'data': array([[117, 117, 112],
       [116, 111, 115],
       [122, 117, 117]], dtype=uint8), 'block_avg': 116, 'block_min': 111}
360: {'X': 51, 'Y': 9, 'data': array([[112, 107, 105],
       [112, 109, 110],
       [115, 123, 116]], dtype=uint8), 'block_avg': 112, 'block_min': 105}
361: {'X': 51, 'Y': 12, 'data': array([[110, 118, 121],
       [113, 117, 127],
       [121, 130, 125]], dtype=uint8), 'block_avg': 120, 'block_min': 110}
362: {'X': 51, 'Y': 15, 'data': array([[138, 159, 175],
       [136, 155, 173],
       [132, 144, 155]], dtype=uint8), 'block_avg': 151, 'block_min': 132}
363: {'X': 51, 'Y': 18, 'data': array([[168, 177, 186],
       [171, 176, 179],
       [160, 166, 175]], dtype=uint8), 'block_avg': 173, 'block_min': 160}
364: {'X': 51, 'Y': 21, 'data': array([[190, 194, 196],
       [186, 190, 190],
       [183, 189, 189]], dtype=uint8), 'block_avg': 189, 'block_min': 183}
365: {'X': 51, 'Y': 24, 'data': array([[194, 194, 198],
       [184, 191, 199],
       [192, 191, 197]], dtype=uint8), 'block_avg': 193, 'block_min': 184}
366: {'X': 51, 'Y': 27, 'data': array([[200, 197, 200],
       [201, 200, 202],
       [200, 199, 203]], dtype=uint8), 'block_avg': 200, 'block_min': 197}
367: {'X': 51, 'Y': 30, 'data': array([[199, 197, 197],
       [199, 199, 198],
       [199, 202, 200]], dtype=uint8), 'block_avg': 198, 'block_min': 197}
368: {'X': 51, 'Y': 33, 'data': array([[197, 192, 186],
       [197, 195, 195],
       [198, 200, 200]], dtype=uint8), 'block_avg': 195, 'block_min': 186}
369: {'X': 51, 'Y': 36, 'data': array([[195, 197, 204],
       [198, 201, 204],
       [200, 199, 201]], dtype=uint8), 'block_avg': 199, 'block_min': 195}
370: {'X': 51, 'Y': 39, 'data': array([[201, 198, 201],
       [202, 202, 198],
       [203, 202, 201]], dtype=uint8), 'block_avg': 200, 'block_min': 198}
371: {'X': 51, 'Y': 42, 'data': array([[193, 193, 192],
       [193, 193, 195],
       [197, 197, 198]], dtype=uint8), 'block_avg': 194, 'block_min': 192}
372: {'X': 51, 'Y': 45, 'data': array([[196, 195, 193],
       [197, 199, 195],
       [195, 196, 194]], dtype=uint8), 'block_avg': 195, 'block_min': 193}
373: {'X': 51, 'Y': 48, 'data': array([[189, 191, 189],
       [191, 193, 195],
       [190, 196, 193]], dtype=uint8), 'block_avg': 191, 'block_min': 189}
374: {'X': 51, 'Y': 51, 'data': array([[184, 180, 180],
       [192, 182, 185],
       [193, 191, 184]], dtype=uint8), 'block_avg': 185, 'block_min': 180}
375: {'X': 51, 'Y': 54, 'data': array([[183, 190, 186],
       [184, 187, 190],
       [183, 189, 192]], dtype=uint8), 'block_avg': 187, 'block_min': 183}
376: {'X': 51, 'Y': 57, 'data': array([[196, 190, 183],
       [196, 195, 190],
       [194, 192, 187]], dtype=uint8), 'block_avg': 191, 'block_min': 183}
377: {'X': 51, 'Y': 60, 'data': array([[184, 181, 188],
       [186, 181, 185],
       [181, 181, 185]], dtype=uint8), 'block_avg': 183, 'block_min': 181}
378: {'X': 54, 'Y': 0, 'data': array([[133, 122, 119],
       [130, 122, 114],
       [128, 127, 124]], dtype=uint8), 'block_avg': 124, 'block_min': 114}
379: {'X': 54, 'Y': 3, 'data': array([[119, 125, 125],
       [124, 135, 136],
       [133, 149, 154]], dtype=uint8), 'block_avg': 133, 'block_min': 119}
380: {'X': 54, 'Y': 6, 'data': array([[126, 127, 122],
       [138, 139, 131],
       [153, 146, 144]], dtype=uint8), 'block_avg': 136, 'block_min': 122}
381: {'X': 54, 'Y': 9, 'data': array([[122, 128, 131],
       [126, 133, 147],
       [150, 160, 169]], dtype=uint8), 'block_avg': 140, 'block_min': 122}
382: {'X': 54, 'Y': 12, 'data': array([[141, 141, 143],
       [160, 165, 161],
       [172, 175, 168]], dtype=uint8), 'block_avg': 158, 'block_min': 141}
383: {'X': 54, 'Y': 15, 'data': array([[143, 144, 148],
       [161, 161, 160],
       [171, 176, 185]], dtype=uint8), 'block_avg': 161, 'block_min': 143}
384: {'X': 54, 'Y': 18, 'data': array([[155, 162, 166],
       [165, 168, 167],
       [188, 182, 179]], dtype=uint8), 'block_avg': 170, 'block_min': 155}
385: {'X': 54, 'Y': 21, 'data': array([[176, 187, 189],
       [171, 180, 188],
       [180, 186, 186]], dtype=uint8), 'block_avg': 182, 'block_min': 171}
386: {'X': 54, 'Y': 24, 'data': array([[196, 195, 198],
       [195, 190, 193],
       [192, 190, 194]], dtype=uint8), 'block_avg': 193, 'block_min': 190}
387: {'X': 54, 'Y': 27, 'data': array([[201, 201, 201],
       [196, 199, 200],
       [197, 202, 201]], dtype=uint8), 'block_avg': 199, 'block_min': 196}
388: {'X': 54, 'Y': 30, 'data': array([[200, 202, 199],
       [200, 200, 198],
       [199, 203, 200]], dtype=uint8), 'block_avg': 200, 'block_min': 198}
389: {'X': 54, 'Y': 33, 'data': array([[201, 203, 199],
       [199, 202, 203],
       [202, 203, 207]], dtype=uint8), 'block_avg': 202, 'block_min': 199}
390: {'X': 54, 'Y': 36, 'data': array([[201, 202, 202],
       [201, 204, 208],
       [205, 204, 206]], dtype=uint8), 'block_avg': 203, 'block_min': 201}
391: {'X': 54, 'Y': 39, 'data': array([[203, 204, 205],
       [204, 202, 204],
       [206, 201, 202]], dtype=uint8), 'block_avg': 203, 'block_min': 201}
392: {'X': 54, 'Y': 42, 'data': array([[204, 201, 200],
       [205, 208, 207],
       [203, 204, 205]], dtype=uint8), 'block_avg': 204, 'block_min': 200}
393: {'X': 54, 'Y': 45, 'data': array([[194, 195, 195],
       [199, 199, 193],
       [203, 199, 198]], dtype=uint8), 'block_avg': 197, 'block_min': 193}
394: {'X': 54, 'Y': 48, 'data': array([[193, 197, 196],
       [198, 198, 193],
       [197, 199, 197]], dtype=uint8), 'block_avg': 196, 'block_min': 193}
395: {'X': 54, 'Y': 51, 'data': array([[196, 191, 186],
       [197, 196, 194],
       [196, 198, 198]], dtype=uint8), 'block_avg': 194, 'block_min': 186}
396: {'X': 54, 'Y': 54, 'data': array([[188, 191, 196],
       [193, 197, 197],
       [191, 198, 199]], dtype=uint8), 'block_avg': 194, 'block_min': 188}
397: {'X': 54, 'Y': 57, 'data': array([[194, 193, 192],
       [198, 198, 194],
       [199, 199, 195]], dtype=uint8), 'block_avg': 195, 'block_min': 192}
398: {'X': 54, 'Y': 60, 'data': array([[190, 189, 187],
       [189, 193, 188],
       [195, 197, 192]], dtype=uint8), 'block_avg': 191, 'block_min': 187}
399: {'X': 57, 'Y': 0, 'data': array([[126, 123, 134],
       [139, 125, 126],
       [134, 126, 122]], dtype=uint8), 'block_avg': 128, 'block_min': 122}
400: {'X': 57, 'Y': 3, 'data': array([[142, 157, 164],
       [131, 157, 164],
       [129, 150, 164]], dtype=uint8), 'block_avg': 150, 'block_min': 129}
401: {'X': 57, 'Y': 6, 'data': array([[170, 167, 165],
       [168, 181, 184],
       [179, 187, 190]], dtype=uint8), 'block_avg': 176, 'block_min': 165}
402: {'X': 57, 'Y': 9, 'data': array([[169, 185, 185],
       [185, 189, 192],
       [194, 197, 198]], dtype=uint8), 'block_avg': 188, 'block_min': 169}
403: {'X': 57, 'Y': 12, 'data': array([[187, 188, 183],
       [196, 192, 190],
       [197, 199, 197]], dtype=uint8), 'block_avg': 192, 'block_min': 183}
404: {'X': 57, 'Y': 15, 'data': array([[184, 187, 194],
       [192, 193, 197],
       [192, 197, 202]], dtype=uint8), 'block_avg': 193, 'block_min': 184}
405: {'X': 57, 'Y': 18, 'data': array([[193, 188, 181],
       [199, 188, 183],
       [201, 190, 192]], dtype=uint8), 'block_avg': 190, 'block_min': 181}
406: {'X': 57, 'Y': 21, 'data': array([[185, 186, 190],
       [183, 182, 191],
       [188, 188, 194]], dtype=uint8), 'block_avg': 187, 'block_min': 182}
407: {'X': 57, 'Y': 24, 'data': array([[192, 195, 196],
       [192, 194, 195],
       [194, 195, 198]], dtype=uint8), 'block_avg': 194, 'block_min': 192}
408: {'X': 57, 'Y': 27, 'data': array([[199, 201, 202],
       [199, 200, 200],
       [199, 201, 201]], dtype=uint8), 'block_avg': 200, 'block_min': 199}
409: {'X': 57, 'Y': 30, 'data': array([[199, 200, 202],
       [204, 204, 205],
       [204, 204, 205]], dtype=uint8), 'block_avg': 203, 'block_min': 199}
410: {'X': 57, 'Y': 33, 'data': array([[204, 206, 207],
       [206, 207, 207],
       [202, 207, 207]], dtype=uint8), 'block_avg': 205, 'block_min': 202}
411: {'X': 57, 'Y': 36, 'data': array([[206, 204, 206],
       [206, 204, 205],
       [207, 205, 204]], dtype=uint8), 'block_avg': 205, 'block_min': 204}
412: {'X': 57, 'Y': 39, 'data': array([[205, 202, 205],
       [202, 201, 205],
       [204, 202, 205]], dtype=uint8), 'block_avg': 203, 'block_min': 201}
413: {'X': 57, 'Y': 42, 'data': array([[200, 201, 206],
       [202, 201, 205],
       [207, 204, 206]], dtype=uint8), 'block_avg': 203, 'block_min': 200}
414: {'X': 57, 'Y': 45, 'data': array([[203, 202, 204],
       [204, 205, 204],
       [201, 203, 201]], dtype=uint8), 'block_avg': 203, 'block_min': 201}
415: {'X': 57, 'Y': 48, 'data': array([[200, 198, 196],
       [201, 195, 195],
       [207, 202, 199]], dtype=uint8), 'block_avg': 199, 'block_min': 195}
416: {'X': 57, 'Y': 51, 'data': array([[198, 200, 198],
       [194, 194, 197],
       [195, 199, 201]], dtype=uint8), 'block_avg': 197, 'block_min': 194}
417: {'X': 57, 'Y': 54, 'data': array([[191, 196, 200],
       [199, 197, 200],
       [202, 199, 200]], dtype=uint8), 'block_avg': 198, 'block_min': 191}
418: {'X': 57, 'Y': 57, 'data': array([[202, 200, 199],
       [200, 200, 196],
       [204, 198, 198]], dtype=uint8), 'block_avg': 199, 'block_min': 196}
419: {'X': 57, 'Y': 60, 'data': array([[199, 196, 195],
       [200, 196, 191],
       [199, 198, 195]], dtype=uint8), 'block_avg': 196, 'block_min': 191}
420: {'X': 60, 'Y': 0, 'data': array([[129, 121, 128],
       [131, 134, 131],
       [124, 126, 143]], dtype=uint8), 'block_avg': 129, 'block_min': 121}
421: {'X': 60, 'Y': 3, 'data': array([[139, 156, 167],
       [146, 171, 181],
       [158, 176, 189]], dtype=uint8), 'block_avg': 164, 'block_min': 139}
422: {'X': 60, 'Y': 6, 'data': array([[186, 191, 191],
       [194, 202, 197],
       [196, 200, 198]], dtype=uint8), 'block_avg': 195, 'block_min': 186}
423: {'X': 60, 'Y': 9, 'data': array([[198, 199, 194],
       [200, 201, 197],
       [200, 198, 196]], dtype=uint8), 'block_avg': 198, 'block_min': 194}
424: {'X': 60, 'Y': 12, 'data': array([[195, 196, 201],
       [194, 194, 198],
       [195, 198, 195]], dtype=uint8), 'block_avg': 196, 'block_min': 194}
425: {'X': 60, 'Y': 15, 'data': array([[197, 200, 203],
       [201, 204, 202],
       [198, 197, 201]], dtype=uint8), 'block_avg': 200, 'block_min': 197}
426: {'X': 60, 'Y': 18, 'data': array([[199, 198, 190],
       [201, 195, 197],
       [201, 200, 204]], dtype=uint8), 'block_avg': 198, 'block_min': 190}
427: {'X': 60, 'Y': 21, 'data': array([[192, 195, 196],
       [197, 201, 201],
       [202, 205, 203]], dtype=uint8), 'block_avg': 199, 'block_min': 192}
428: {'X': 60, 'Y': 24, 'data': array([[194, 199, 198],
       [199, 200, 203],
       [206, 203, 207]], dtype=uint8), 'block_avg': 201, 'block_min': 194}
429: {'X': 60, 'Y': 27, 'data': array([[199, 200, 201],
       [203, 200, 202],
       [207, 205, 201]], dtype=uint8), 'block_avg': 202, 'block_min': 199}
430: {'X': 60, 'Y': 30, 'data': array([[204, 206, 206],
       [203, 205, 203],
       [203, 206, 204]], dtype=uint8), 'block_avg': 204, 'block_min': 203}
431: {'X': 60, 'Y': 33, 'data': array([[204, 208, 205],
       [207, 206, 206],
       [208, 208, 207]], dtype=uint8), 'block_avg': 206, 'block_min': 204}
432: {'X': 60, 'Y': 36, 'data': array([[206, 203, 205],
       [205, 204, 205],
       [206, 204, 204]], dtype=uint8), 'block_avg': 204, 'block_min': 203}
433: {'X': 60, 'Y': 39, 'data': array([[204, 205, 208],
       [206, 206, 207],
       [207, 205, 205]], dtype=uint8), 'block_avg': 205, 'block_min': 204}
434: {'X': 60, 'Y': 42, 'data': array([[205, 205, 203],
       [204, 204, 203],
       [205, 204, 204]], dtype=uint8), 'block_avg': 204, 'block_min': 203}
435: {'X': 60, 'Y': 45, 'data': array([[204, 203, 203],
       [205, 204, 206],
       [205, 203, 206]], dtype=uint8), 'block_avg': 204, 'block_min': 203}
436: {'X': 60, 'Y': 48, 'data': array([[204, 201, 200],
       [201, 202, 198],
       [201, 203, 201]], dtype=uint8), 'block_avg': 201, 'block_min': 198}
437: {'X': 60, 'Y': 51, 'data': array([[198, 199, 200],
       [200, 195, 197],
       [200, 199, 202]], dtype=uint8), 'block_avg': 198, 'block_min': 195}
438: {'X': 60, 'Y': 54, 'data': array([[202, 200, 199],
       [202, 198, 197],
       [202, 198, 200]], dtype=uint8), 'block_avg': 199, 'block_min': 197}
439: {'X': 60, 'Y': 57, 'data': array([[200, 202, 202],
       [203, 203, 203],
       [204, 201, 204]], dtype=uint8), 'block_avg': 202, 'block_min': 200}
440: {'X': 60, 'Y': 60, 'data': array([[200, 200, 200],
       [203, 201, 204],
       [201, 204, 203]], dtype=uint8), 'block_avg': 201, 'block_min': 200}
[[140 173 175 ...   0   0   0]
 [140 175 180 ...   0   0   0]
 [147 177 173 ...   0   0   0]
 ...
 [  0   0   0 ...   0   0   0]
 [  0   0   0 ...   0   0   0]
 [  0   0   0 ...   0   0   0]]
