[[157 160 156 ...   0   0   0]
 [192 200 201 ...   0   0   0]
 [193 200 204 ...   0   0   0]
 ...
 [  0   0   0 ...   0   0   0]
 [  0   0   0 ...   0   0   0]
 [  0   0   0 ...   0   0   0]]
[[157 160 156 ...   0   0   0]
 [192 200 201 ...   0   0   0]
 [193 200 204 ...   0   0   0]
 ...
 [  0   0   0 ...   0   0   0]
 [  0   0   0 ...   0   0   0]
 [  0   0   0 ...   0   0   0]]
[[143 139 139 ...   0   0   0]
 [164 155 157 ...   0   0   0]
 [175 167 171 ...   0   0   0]
 ...
 [  0   0   0 ...   0   0   0]
 [  0   0   0 ...   0   0   0]
 [  0   0   0 ...   0   0   0]]
[[143 139 139 ...   0   0   0]
 [164 155 157 ...   0   0   0]
 [175 167 171 ...   0   0   0]
 ...
 [  0   0   0 ...   0   0   0]
 [  0   0   0 ...   0   0   0]
 [  0   0   0 ...   0   0   0]]
[[143 139 139 ...   0   0   0]
 [164 155 157 ...   0   0   0]
 [175 167 171 ...   0   0   0]
 ...
 [174 178 181 ...   0   0   0]
 [178 180 189 ...   0   0   0]
 [190 191 195 ...   0   0   0]]
[[143 139 139 ... 198 194 198]
 [164 155 157 ... 199 198 198]
 [175 167 171 ... 200 197 199]
 ...
 [200 197 200 ... 202 199 199]
 [203 200 203 ... 198 196 198]
 [205 200 203 ... 199 199 197]]
[[157 160 156 ... 136 129 121]
 [192 200 201 ... 127 131 134]
 [193 200 204 ... 131 124 126]
 ...
 [166 173 174 ... 202 200 200]
 [195 192 197 ... 203 203 201]
 [196 195 198 ... 204 201 204]]
[[157 160 156 ... 136 129 121]
 [192 200 201 ... 127 131 134]
 [193 200 204 ... 131 124 126]
 ...
 [166 173 174 ... 202 200 200]
 [195 192 197 ... 203 203 201]
 [196 195 198 ... 204 201 204]]
[[137 140 136 ... 156 149 141]
 [172 180 181 ... 147 151 154]
 [173 180 184 ... 151 144 146]
 ...
 [146 153 154 ... 182 180 180]
 [175 172 177 ... 183 183 181]
 [176 175 178 ... 184 181 184]]
[[153 154 150 ... 180 181 179]
 [177 175 176 ... 184 183 181]
 [172 174 174 ... 183 182 180]
 ...
 [154 157 153 ... 178 182 177]
 [169 166 173 ... 175 182 183]
 [166 168 167 ... 179 181 183]]
[[173 174 170 ... 200 201 199]
 [197 195 196 ... 204 203 201]
 [192 194 194 ... 203 202 200]
 ...
 [174 177 173 ... 198 202 197]
 [189 186 193 ... 195 202 203]
 [186 188 187 ... 199 201 203]]
[[173 174 170 ... 200 201 199]
 [197 195 196 ... 204 203 201]
 [192 194 194 ... 203 202 200]
 ...
 [174 177 173 ... 198 202 197]
 [189 186 193 ... 195 202 203]
 [186 188 187 ... 199 201 203]]
[[173 174 170 ... 200 201 199]
 [197 195 196 ... 204 203 201]
 [192 194 194 ... 203 202 200]
 ...
 [174 177 173 ... 198 202 197]
 [189 186 193 ... 195 202 203]
 [186 188 187 ... 199 201 203]]
[[153 154 150 ... 180 181 179]
 [177 175 176 ... 184 183 181]
 [172 174 174 ... 183 182 180]
 ...
 [154 157 153 ... 178 182 177]
 [169 166 173 ... 175 182 183]
 [166 168 167 ... 179 181 183]]
[[153 154 150 ... 180 181 179]
 [177 175 176 ... 184 183 181]
 [172 174 174 ... 183 182 180]
 ...
 [154 157 153 ... 178 182 177]
 [169 166 173 ... 175 182 183]
 [166 168 167 ... 179 181 183]]
[[173 174 170 ... 200 201 199]
 [197 195 196 ... 204 203 201]
 [192 194 194 ... 203 202 200]
 ...
 [174 177 173 ... 198 202 197]
 [189 186 193 ... 195 202 203]
 [186 188 187 ... 199 201 203]]
[[173 174 170 ... 200 201 199]
 [197 195 196 ... 204 203 201]
 [192 194 194 ... 203 202 200]
 ...
 [174 177 173 ... 198 202 197]
 [189 186 193 ... 195 202 203]
 [186 188 187 ... 199 201 203]]
[[173 174 170 ... 200 201 199]
 [197 195 196 ... 204 203 201]
 [192 194 194 ... 203 202 200]
 ...
 [174 177 173 ... 198 202 197]
 [189 186 193 ... 195 202 203]
 [186 188 187 ... 199 201 203]]
[[ 65 199 193 ...  87 186 177]
 [ 54 196 192 ...  87 186 183]
 [ 54 197 193 ...  87 188 186]
 ...
 [161 167 163 ... 116 118 133]
 [195 197 196 ... 128 121 129]
 [194 198 197 ... 149 141 138]]
[[157 160 156 ... 136 129 121]
 [192 200 201 ... 127 131 134]
 [193 200 204 ... 131 124 126]
 ...
 [166 173 174 ... 202 200 200]
 [195 192 197 ... 203 203 201]
 [196 195 198 ... 204 201 204]]
[[157 160 156 ... 136 129 121]
 [192 200 201 ... 127 131 134]
 [193 200 204 ... 131 124 126]
 ...
 [166 173 174 ... 202 200 200]
 [195 192 197 ... 203 203 201]
 [196 195 198 ... 204 201 204]]
[[157 160 156 ... 136 129 121]
 [192 200 201 ... 127 131 134]
 [193 200 204 ... 131 124 126]
 ...
 [166 173 174 ... 202 200 200]
 [195 192 197 ... 203 203 201]
 [196 195 198 ... 204 201 204]]
[[157 160 156 ... 136 129 121]
 [192 200 201 ... 127 131 134]
 [193 200 204 ... 131 124 126]
 ...
 [166 173 174 ... 202 200 200]
 [195 192 197 ... 203 203 201]
 [196 195 198 ... 204 201 204]]
[[ 65 199 193 ...  87 186 177]
 [ 54 196 192 ...  87 186 183]
 [ 54 197 193 ...  87 188 186]
 ...
 [161 167 163 ... 116 118 133]
 [195 197 196 ... 128 121 129]
 [194 198 197 ... 149 141 138]]
